<?xml version="1.0" encoding="UTF-8"?>
<testng-results ignored="0" total="1" passed="1" failed="0" skipped="0">
  <reporter-output>
  </reporter-output>
  <suite started-at="2020-10-28T14:41:14 EDT" name="Default suite" finished-at="2020-10-28T14:41:14 EDT" duration-ms="145">
    <groups>
    </groups>
    <test started-at="2020-10-28T14:41:14 EDT" name="Default test" finished-at="2020-10-28T14:41:14 EDT" duration-ms="145">
      <class name="fourthPackage.Shirt">
        <test-method signature="takeOff()[pri:0, instance:fourthPackage.Shirt@58ea606c]" started-at="2020-10-28T14:41:14 EDT" name="takeOff" finished-at="2020-10-28T14:41:14 EDT" duration-ms="24" status="PASS">
          <reporter-output>
          </reporter-output>
        </test-method> <!-- takeOff -->
      </class> <!-- fourthPackage.Shirt -->
    </test> <!-- Default test -->
  </suite> <!-- Default suite -->
</testng-results>
